<?xml version="1.0" encoding="UTF-8"?>
<testsuite name="WebcrawlerTest" tests="3" skipped="0" failures="0" errors="0" timestamp="2017-12-21T06:13:52" hostname="asahi02mac153" time="2.382">
  <properties/>
  <testcase name="sortByValuesInDescendingOrder" classname="WebcrawlerTest" time="0.001"/>
  <testcase name="getTopNLibrariesWithMockedClawler" classname="WebcrawlerTest" time="0.014"/>
  <testcase name="getTopNLibraries" classname="WebcrawlerTest" time="2.367"/>
  <system-out><![CDATA[Title: How to Walk: 15 Steps (with Pictures) - wikiHow(https://www.wikihow.com/Walk)
Title: How to Walk Properly (with Pictures) - wikiHow(https://www.wikihow.com/Walk-Properly)
Title: How to Walk: Dos and Don'ts, Plus Tips | Real Simple(https://www.realsimple.com/health/fitness-exercise/how-to-walk)
Title: How to Walk with Proper Form and Technique | SparkPeople(http://www.sparkpeople.com/resource/fitness_articles.asp?id=1220)
Title: How to walk: A step by step guide - Telegraph(http://www.telegraph.co.uk/lifestyle/wellbeing/7935172/How-to-walk-A-step-by-step-guide.html)
Title: Pick Up the Pace! How to Walk Correctly & Improve Posture | Shape ...(https://www.shape.com/fitness/workouts/walking-posture-walk-way-learn-how-walk-correctly)
Title: How to Walk: A Step-by-Step Guide – Experience Life(https://experiencelife.com/article/how-to-walk-a-step-by-step-guide/)
JS library file name parsed:
    -http://widget.cloud.opta.net/2.0/js/widgets.opta.js
    -/template/ver1-0/js/jquery-1.4.2.min.js
    -/template/ver1-0/js/jquery.cookie.js
    -/template/ver1-0/js/webtrends/WTDcsVid.js
    -/template/ver1-0/js/webtrends/LIVE/WTID.js
    -http://pixel.quantserve.com/api/segments.json?a=p-gyXAHFFgnNQDj&callback=qcResults
    -http://s.telegraph.co.uk/toolbar/disqus_parameters_prod.js
    -/template/ver1-0/js/ooyala.js
    -/template/ver1-0/js/youtube.js
    -/template/ver1-0/js/ajax.js
    -/template/ver1-0/js/commWidget.js
    -http://s.telegraph.co.uk/toolbar/js/tmgMenu.js
    -/template/ver1-0/js/jquery-ui.js
    -/template/ver1-0/js/jquery.multiselect.js
    -http://widgets.outbrain.com/outbrain.js
    -/template/ver1-0/js/googleAds.js
    -http://pagead2.googlesyndication.com/pagead/show_ads.js
    -/template/ver1-0/js/jquery-ui-1.8.4.custom.min.js
    -/template/ver1-0/js/jquery.tablesorter.js
    -/template/ver1-0/js/jquery.ticker.js
    -/template/ver1-0/js/common.js
    -/template/ver1-0/js/viewabilityCode.js
    -/template/ver1-0/js/tmglSlideShow.js
    -/template/ver1-0/js/jquery.cycle.all.js
    -/template/ver1-0/js/supersleight.plugin.js
    -/template/ver1-0/js/tracker.js
    -/template/ver1-0/js/live-BloggingArticle.js
    -/template/ver1-0/js/tmglMultitrackSelector1.js
    -/template/ver1-0/js/popup.js
    -/template/ver1-0/js/poll.js
    -//secure-uk.imrworldwide.com/v60.js
JS library file name parsed:
    -https://apis.google.com/js/plusone.js
    -https://sparkpeo.hs.llnwd.net/e1/adspots/prebid0.25.0a.js
    -//a.teads.tv/page/7107/tag
    -http://assets3.sparkpeople.com/sp_ajax.js
    -/overlib_sp.js
    -/getpage.js
    -//s.skimresources.com/js/94074X1548414.skimlinks.js
JS library file name parsed:
JS library file name parsed:
JS library file name parsed:
    -//assets.adobedtm.com/a78e4cec7f738ca75b5483c41f07b359f3aa27b6/satelliteLib-096de2bb32868bb190de57182f45b1f105480dbf.js
    -https://experiencelife.com/wp-content/plugins/ajar-productions-in5-embed/assets/js/screenfull.js?ver=1.0.0
    -https://experiencelife.com/wp-includes/js/jquery/jquery.js?ver=1.12.4
    -https://experiencelife.com/wp-includes/js/jquery/jquery-migrate.min.js?ver=1.4.1
    -https://experiencelife.com/wp-content/plugins/ajar-productions-in5-embed/assets/js/public.js?ver=1.0.0
    -https://experiencelife.com/wp-content/plugins/modal-dialog/cookie.js?ver=1.0
    -https://experiencelife.com/wp-content/plugins/modal-dialog/detectmobilebrowser.js?ver=1.0
    -https://experiencelife.com/wp-content/plugins/modal-dialog/colorbox/jquery.colorbox-min.js?ver=1.5.6
    -https://experiencelife.com/wp-content/plugins/wp-google-analytics-events-pro/js/ga-scroll-events.js?ver=4.8
    -https://experiencelife.com/wp-content/plugins/poll-plugin/public/assets/js/vendors/excanvas.js?ver=1.7.4
    -//a.optnmstr.com/app/js/api.min.js?ver=1.2.1
    -//s7.addthis.com/js/300/addthis_widget.js#pubid=jamiekuen
    -//assets.pinterest.com/js/pinit.js
    -https://s0.wp.com/wp-content/js/devicepx-jetpack.js?ver=201751
    -https://experiencelife.com/wp-content/plugins/contact-form-7/includes/js/scripts.js?ver=4.8
    -https://experiencelife.com/wp-content/plugins/poll-plugin/public/assets/js/vendors/chartjs_new.js?ver=1.7.4
    -https://experiencelife.com/wp-content/plugins/poll-plugin/public/assets/js/app/legend.js?ver=1.7.4
    -https://experiencelife.com/wp-content/plugins/poll-plugin/public/assets/js/app/poll.js?ver=1.7.4
    -https://experiencelife.com/wp-content/plugins/poll-plugin/public/assets/js/app/poll-init.js?ver=1.7.4
    -https://secure.gravatar.com/js/gprofiles.js?ver=2017Decaa
    -https://experiencelife.com/wp-content/plugins/jetpack/modules/wpgroho.js?ver=4.8
    -https://experiencelife.com/wp-content/plugins/page-links-to/js/new-tab.min.js?ver=2.9.8
    -https://experiencelife.com/wp-content/plugins/dynamic-to-top/js/libs/jquery.easing.js?ver=1.3
    -https://experiencelife.com/wp-content/plugins/dynamic-to-top/js/dynamic.to.top.min.js?ver=3.5
    -https://experiencelife.com/wp-content/themes/ExpLife-2017/assets/js/scripts.js?ver=5.0
    -https://experiencelife.com/wp-includes/js/comment-reply.min.js?ver=4.8
    -https://experiencelife.com/wp-includes/js/wp-embed.min.js?ver=4.8
    -https://experiencelife.com/wp-content/plugins/akismet/_inc/form.js?ver=3.3.3
JS library file name parsed:
JS library file name parsed:
    -//tracking.skyword.com/tracker.js?contentId=281474979445229
    -https://widgets.outbrain.com/outbrain.js
    -https://widgets.outbrain.com/outbrain.js
    -/sites/shape.com/themes/meredith/js/s_code_shp_mdp.js
]]></system-out>
  <system-err><![CDATA[]]></system-err>
</testsuite>
